<?xml version="1.0" encoding="UTF-8"?>
<!-- Generated by org.testng.reporters.JUnitReportReporter -->
<testsuite hostname="DESKTOP-MMNJMO8" failures="0" tests="1" name="com.inetbanking.testCases.TC_AddCustomerTest_003" time="13.526" errors="0" timestamp="2023-04-05T12:44:04 EDT" skipped="0">
  <testcase classname="com.inetbanking.testCases.TC_AddCustomerTest_003" name="addNewCustomer" time="13.526"/>
  <system-out/>
</testsuite> <!-- com.inetbanking.testCases.TC_AddCustomerTest_003 -->
